[debug] [2020-11-23T21:28:05.837Z] ----------------------------------------------------------------------
[debug] [2020-11-23T21:28:05.839Z] Command:       C:\Program Files\nodejs\node.exe C:\Users\Shyftbase\AppData\Roaming\npm\node_modules\firebase-tools\lib\bin\firebase.js deploy --only functions:FUNCTION_2-testFunction2
[debug] [2020-11-23T21:28:05.839Z] CLI Version:   8.14.1
[debug] [2020-11-23T21:28:05.839Z] Platform:      win32
[debug] [2020-11-23T21:28:05.839Z] Node Version:  v14.14.0
[debug] [2020-11-23T21:28:05.840Z] Time:          Mon Nov 23 2020 14:28:05 GMT-0700 (Mountain Standard Time)
[debug] [2020-11-23T21:28:05.840Z] ----------------------------------------------------------------------
[debug] [2020-11-23T21:28:05.840Z] 
[debug] [2020-11-23T21:28:05.846Z] > command requires scopes: ["email","openid","https://www.googleapis.com/auth/cloudplatformprojects.readonly","https://www.googleapis.com/auth/firebase","https://www.googleapis.com/auth/cloud-platform"]
[debug] [2020-11-23T21:28:05.846Z] > authorizing via signed-in user
[debug] [2020-11-23T21:28:05.847Z] [iam] checking project test-miele-shyftbase-fu for permissions ["cloudfunctions.functions.create","cloudfunctions.functions.delete","cloudfunctions.functions.get","cloudfunctions.functions.list","cloudfunctions.functions.update","cloudfunctions.operations.get","firebase.projects.get"]
[debug] [2020-11-23T21:28:05.849Z] >>> HTTP REQUEST POST https://cloudresourcemanager.googleapis.com/v1/projects/test-miele-shyftbase-fu:testIamPermissions  
 {"permissions":["cloudfunctions.functions.create","cloudfunctions.functions.delete","cloudfunctions.functions.get","cloudfunctions.functions.list","cloudfunctions.functions.update","cloudfunctions.operations.get","firebase.projects.get"]}
[debug] [2020-11-23T21:28:06.024Z] <<< HTTP RESPONSE 200 {"content-type":"application/json; charset=UTF-8","vary":"X-Origin, Referer, Origin,Accept-Encoding","date":"Mon, 23 Nov 2020 21:28:05 GMT","server":"ESF","cache-control":"private","x-xss-protection":"0","x-frame-options":"SAMEORIGIN","x-content-type-options":"nosniff","server-timing":"gfet4t7; dur=40","alt-svc":"h3-29=\":443\"; ma=2592000,h3-T051=\":443\"; ma=2592000,h3-Q050=\":443\"; ma=2592000,h3-Q046=\":443\"; ma=2592000,h3-Q043=\":443\"; ma=2592000,quic=\":443\"; ma=2592000; v=\"46,43\"","accept-ranges":"none","transfer-encoding":"chunked"}
[debug] [2020-11-23T21:28:06.026Z] >>> HTTP REQUEST POST https://iam.googleapis.com/v1/projects/test-miele-shyftbase-fu/serviceAccounts/test-miele-shyftbase-fu@appspot.gserviceaccount.com:testIamPermissions  
 {"permissions":["iam.serviceAccounts.actAs"]}
[debug] [2020-11-23T21:28:06.212Z] <<< HTTP RESPONSE 200 {"content-type":"application/json; charset=UTF-8","vary":"X-Origin, Referer, Origin,Accept-Encoding","date":"Mon, 23 Nov 2020 21:28:06 GMT","server":"ESF","cache-control":"private","x-xss-protection":"0","x-frame-options":"SAMEORIGIN","x-content-type-options":"nosniff","alt-svc":"h3-29=\":443\"; ma=2592000,h3-T051=\":443\"; ma=2592000,h3-Q050=\":443\"; ma=2592000,h3-Q046=\":443\"; ma=2592000,h3-Q043=\":443\"; ma=2592000,quic=\":443\"; ma=2592000; v=\"46,43\"","accept-ranges":"none","transfer-encoding":"chunked"}
[info] 
[info] === Deploying to 'test-miele-shyftbase-fu'...
[info] 
[info] i  deploying functions 
[info] Running command: npm --prefix "$RESOURCE_DIR" run lint
[info] Running command: npm --prefix "$RESOURCE_DIR" run build
[info] +  functions: Finished running predeploy script. 
[debug] [2020-11-23T21:28:17.619Z] > [functions] package.json contents: {
  "name": "functions",
  "scripts": {
    "lint": "eslint . --ext .ts",
    "lint-and-fix": "eslint . --ext .ts --fix",
    "build": "tsc",
    "serve": "npm run build && firebase emulators:start --only functions",
    "shell": "npm run build && firebase functions:shell",
    "start": "npm run shell",
    "deploy": "firebase deploy --only functions",
    "logs": "firebase functions:log"
  },
  "engines": {
    "node": "12"
  },
  "main": "lib/index.js",
  "dependencies": {
    "camelcase": "^5.3.1",
    "firebase-admin": "^9.2.0",
    "firebase-functions": "^3.11.0",
    "glob": "^7.1.6",
    "lodash": "^4.17.20"
  },
  "devDependencies": {
    "@types/camelcase": "^5.2.0",
    "@types/chai": "^4.2.12",
    "@types/chai-as-promised": "^7.1.3",
    "@types/glob": "^7.1.3",
    "@types/mocha": "^8.0.3",
    "@types/sinon": "^9.0.4",
    "@typescript-eslint/eslint-plugin": "^3.9.1",
    "@typescript-eslint/parser": "^3.8.0",
    "eslint-plugin-promise": "^4.2.1",
    "chai": "^4.2.0",
    "chai-as-promised": "^7.1.1",
    "eslint": "^7.6.0",
    "eslint-plugin-import": "^2.22.0",
    "mocha": "^8.1.1",
    "sinon": "^9.0.3",
    "ts-node": "^8.10.2",
    "tslint": "^6.1.3",
    "typescript": "^3.8.0",
    "firebase-functions-test": "^0.2.0"
  },
  "private": true
}
[info] i  functions: ensuring required API cloudfunctions.googleapis.com is enabled... 
[info] i  functions: ensuring required API cloudbuild.googleapis.com is enabled... 
[debug] [2020-11-23T21:28:19.224Z] >>> HTTP REQUEST GET https://serviceusage.googleapis.com/v1/projects/test-miele-shyftbase-fu/services/cloudfunctions.googleapis.com  
 
[debug] [2020-11-23T21:28:19.225Z] >>> HTTP REQUEST GET https://serviceusage.googleapis.com/v1/projects/test-miele-shyftbase-fu/services/runtimeconfig.googleapis.com  
 
[debug] [2020-11-23T21:28:19.225Z] >>> HTTP REQUEST GET https://serviceusage.googleapis.com/v1/projects/test-miele-shyftbase-fu/services/cloudbuild.googleapis.com  
 
[debug] [2020-11-23T21:28:19.901Z] <<< HTTP RESPONSE 200 {"content-type":"application/json; charset=UTF-8","vary":"X-Origin, Referer, Origin,Accept-Encoding","date":"Mon, 23 Nov 2020 21:28:19 GMT","server":"ESF","cache-control":"private","x-xss-protection":"0","x-frame-options":"SAMEORIGIN","x-content-type-options":"nosniff","alt-svc":"h3-29=\":443\"; ma=2592000,h3-T051=\":443\"; ma=2592000,h3-Q050=\":443\"; ma=2592000,h3-Q046=\":443\"; ma=2592000,h3-Q043=\":443\"; ma=2592000,quic=\":443\"; ma=2592000; v=\"46,43\"","accept-ranges":"none","transfer-encoding":"chunked"}
[debug] [2020-11-23T21:28:19.919Z] <<< HTTP RESPONSE 200 {"content-type":"application/json; charset=UTF-8","vary":"X-Origin, Referer, Origin,Accept-Encoding","date":"Mon, 23 Nov 2020 21:28:19 GMT","server":"ESF","cache-control":"private","x-xss-protection":"0","x-frame-options":"SAMEORIGIN","x-content-type-options":"nosniff","alt-svc":"h3-29=\":443\"; ma=2592000,h3-T051=\":443\"; ma=2592000,h3-Q050=\":443\"; ma=2592000,h3-Q046=\":443\"; ma=2592000,h3-Q043=\":443\"; ma=2592000,quic=\":443\"; ma=2592000; v=\"46,43\"","accept-ranges":"none","transfer-encoding":"chunked"}
[info] +  functions: required API cloudbuild.googleapis.com is enabled 
[debug] [2020-11-23T21:28:19.951Z] <<< HTTP RESPONSE 200 {"content-type":"application/json; charset=UTF-8","vary":"X-Origin, Referer, Origin,Accept-Encoding","date":"Mon, 23 Nov 2020 21:28:19 GMT","server":"ESF","cache-control":"private","x-xss-protection":"0","x-frame-options":"SAMEORIGIN","x-content-type-options":"nosniff","alt-svc":"h3-29=\":443\"; ma=2592000,h3-T051=\":443\"; ma=2592000,h3-Q050=\":443\"; ma=2592000,h3-Q046=\":443\"; ma=2592000,h3-Q043=\":443\"; ma=2592000,quic=\":443\"; ma=2592000; v=\"46,43\"","accept-ranges":"none","transfer-encoding":"chunked"}
[info] +  functions: required API cloudfunctions.googleapis.com is enabled 
[debug] [2020-11-23T21:28:19.952Z] >>> HTTP REQUEST GET https://firebase.googleapis.com/v1beta1/projects/test-miele-shyftbase-fu/adminSdkConfig  
 
[debug] [2020-11-23T21:28:20.231Z] <<< HTTP RESPONSE 200 {"content-type":"application/json; charset=UTF-8","vary":"X-Origin, Referer, Origin,Accept-Encoding","date":"Mon, 23 Nov 2020 21:28:20 GMT","server":"ESF","cache-control":"private","x-xss-protection":"0","x-frame-options":"SAMEORIGIN","x-content-type-options":"nosniff","alt-svc":"h3-29=\":443\"; ma=2592000,h3-T051=\":443\"; ma=2592000,h3-Q050=\":443\"; ma=2592000,h3-Q046=\":443\"; ma=2592000,h3-Q043=\":443\"; ma=2592000,quic=\":443\"; ma=2592000; v=\"46,43\"","accept-ranges":"none","transfer-encoding":"chunked"}
[info] i  functions: preparing functions directory for uploading... 
[debug] [2020-11-23T21:28:20.233Z] >>> HTTP REQUEST GET https://runtimeconfig.googleapis.com/v1beta1/projects/test-miele-shyftbase-fu/configs  
 
[debug] [2020-11-23T21:28:20.677Z] <<< HTTP RESPONSE 200 {"content-type":"application/json; charset=UTF-8","vary":"X-Origin, Referer, Origin,Accept-Encoding","date":"Mon, 23 Nov 2020 21:28:20 GMT","server":"ESF","cache-control":"private","x-xss-protection":"0","x-frame-options":"SAMEORIGIN","x-content-type-options":"nosniff","alt-svc":"h3-29=\":443\"; ma=2592000,h3-T051=\":443\"; ma=2592000,h3-Q050=\":443\"; ma=2592000,h3-Q046=\":443\"; ma=2592000,h3-Q043=\":443\"; ma=2592000,quic=\":443\"; ma=2592000; v=\"46,43\"","accept-ranges":"none","transfer-encoding":"chunked"}
[debug] [2020-11-23T21:28:20.678Z] >>> HTTP REQUEST GET https://runtimeconfig.googleapis.com/v1beta1/projects/test-miele-shyftbase-fu/configs/airtable/variables  
 
[debug] [2020-11-23T21:28:20.678Z] >>> HTTP REQUEST GET https://runtimeconfig.googleapis.com/v1beta1/projects/test-miele-shyftbase-fu/configs/slack/variables  
 
